<?xml version="1.0" encoding="UTF-8"?>
<coverage generated="1713835852826" clover="3.2.0">
  <project timestamp="1713835852827" name="All files">
    <metrics statements="48" coveredstatements="42" conditionals="19" coveredconditionals="11" methods="13" coveredmethods="13" elements="80" coveredelements="66" complexity="0" loc="48" ncloc="48" packages="6" files="6" classes="6"/>
    <package name="Calculadora">
      <metrics statements="9" coveredstatements="9" conditionals="0" coveredconditionals="0" methods="4" coveredmethods="4"/>
      <file name="calculadora.js" path="C:\Users\Alan\Documents\Estudos\Atividade Andre\Calculadora\calculadora.js">
        <metrics statements="9" coveredstatements="9" conditionals="0" coveredconditionals="0" methods="4" coveredmethods="4"/>
        <line num="2" count="1" type="stmt"/>
        <line num="3" count="1" type="stmt"/>
        <line num="7" count="1" type="stmt"/>
        <line num="8" count="1" type="stmt"/>
        <line num="12" count="1" type="stmt"/>
        <line num="13" count="1" type="stmt"/>
        <line num="17" count="1" type="stmt"/>
        <line num="18" count="1" type="stmt"/>
        <line num="21" count="1" type="stmt"/>
      </file>
    </package>
    <package name="Palindromo">
      <metrics statements="3" coveredstatements="3" conditionals="0" coveredconditionals="0" methods="1" coveredmethods="1"/>
      <file name="verificaPalindromo.js" path="C:\Users\Alan\Documents\Estudos\Atividade Andre\Palindromo\verificaPalindromo.js">
        <metrics statements="3" coveredstatements="3" conditionals="0" coveredconditionals="0" methods="1" coveredmethods="1"/>
        <line num="2" count="1" type="stmt"/>
        <line num="5" count="1" type="stmt"/>
        <line num="8" count="1" type="stmt"/>
      </file>
    </package>
    <package name="cpf">
      <metrics statements="22" coveredstatements="18" conditionals="12" coveredconditionals="6" methods="2" coveredmethods="2"/>
      <file name="validadorCPF.js" path="C:\Users\Alan\Documents\Estudos\Atividade Andre\cpf\validadorCPF.js">
        <metrics statements="22" coveredstatements="18" conditionals="12" coveredconditionals="6" methods="2" coveredmethods="2"/>
        <line num="3" count="1" type="stmt"/>
        <line num="6" count="1" type="cond" truecount="1" falsecount="1"/>
        <line num="7" count="0" type="stmt"/>
        <line num="11" count="2" type="stmt"/>
        <line num="12" count="1" type="cond" truecount="1" falsecount="1"/>
        <line num="13" count="0" type="stmt"/>
        <line num="17" count="1" type="stmt"/>
        <line num="18" count="1" type="stmt"/>
        <line num="19" count="9" type="stmt"/>
        <line num="21" count="1" type="stmt"/>
        <line num="22" count="1" type="cond" truecount="1" falsecount="1"/>
        <line num="25" count="1" type="cond" truecount="1" falsecount="1"/>
        <line num="26" count="0" type="stmt"/>
        <line num="30" count="1" type="stmt"/>
        <line num="31" count="1" type="stmt"/>
        <line num="32" count="10" type="stmt"/>
        <line num="34" count="1" type="stmt"/>
        <line num="35" count="1" type="cond" truecount="1" falsecount="1"/>
        <line num="38" count="1" type="cond" truecount="1" falsecount="1"/>
        <line num="39" count="0" type="stmt"/>
        <line num="43" count="1" type="stmt"/>
        <line num="46" count="1" type="stmt"/>
      </file>
    </package>
    <package name="listaOrdenada">
      <metrics statements="4" coveredstatements="4" conditionals="3" coveredconditionals="3" methods="3" coveredmethods="3"/>
      <file name="ordenadorDeLista.js" path="C:\Users\Alan\Documents\Estudos\Atividade Andre\listaOrdenada\ordenadorDeLista.js">
        <metrics statements="4" coveredstatements="4" conditionals="3" coveredconditionals="3" methods="3" coveredmethods="3"/>
        <line num="2" count="2" type="cond" truecount="2" falsecount="0"/>
        <line num="3" count="4" type="stmt"/>
        <line num="5" count="4" type="stmt"/>
        <line num="8" count="1" type="stmt"/>
      </file>
    </package>
    <package name="primo">
      <metrics statements="7" coveredstatements="5" conditionals="4" coveredconditionals="2" methods="1" coveredmethods="1"/>
      <file name="primoSimNao.js" path="C:\Users\Alan\Documents\Estudos\Atividade Andre\primo\primoSimNao.js">
        <metrics statements="7" coveredstatements="5" conditionals="4" coveredconditionals="2" methods="1" coveredmethods="1"/>
        <line num="3" count="1" type="cond" truecount="1" falsecount="1"/>
        <line num="4" count="0" type="stmt"/>
        <line num="8" count="1" type="stmt"/>
        <line num="9" count="2" type="cond" truecount="1" falsecount="1"/>
        <line num="11" count="0" type="stmt"/>
        <line num="16" count="1" type="stmt"/>
        <line num="19" count="1" type="stmt"/>
      </file>
    </package>
    <package name="temperatura">
      <metrics statements="3" coveredstatements="3" conditionals="0" coveredconditionals="0" methods="2" coveredmethods="2"/>
      <file name="temperatura.js" path="C:\Users\Alan\Documents\Estudos\Atividade Andre\temperatura\temperatura.js">
        <metrics statements="3" coveredstatements="3" conditionals="0" coveredconditionals="0" methods="2" coveredmethods="2"/>
        <line num="4" count="1" type="stmt"/>
        <line num="10" count="1" type="stmt"/>
        <line num="13" count="1" type="stmt"/>
      </file>
    </package>
  </project>
</coverage>
