TN:
SF:Calculadora\calculadora.js
FN:1,soma
FN:6,subtrair
FN:11,multiplicar
FN:16,dividir
FNF:4
FNH:4
FNDA:1,soma
FNDA:1,subtrair
FNDA:1,multiplicar
FNDA:1,dividir
DA:2,1
DA:3,1
DA:7,1
DA:8,1
DA:12,1
DA:13,1
DA:17,1
DA:18,1
DA:21,1
LF:9
LH:9
BRF:0
BRH:0
end_of_record
TN:
SF:Palindromo\verificaPalindromo.js
FN:1,verificaPalindromo
FNF:1
FNH:1
FNDA:1,verificaPalindromo
DA:2,1
DA:5,1
DA:8,1
LF:3
LH:3
BRF:0
BRH:0
end_of_record
TN:
SF:cpf\validadorCPF.js
FN:1,validarCPF
FN:11,(anonymous_1)
FNF:2
FNH:2
FNDA:1,validarCPF
FNDA:2,(anonymous_1)
DA:3,1
DA:6,1
DA:7,0
DA:11,2
DA:12,1
DA:13,0
DA:17,1
DA:18,1
DA:19,9
DA:21,1
DA:22,1
DA:25,1
DA:26,0
DA:30,1
DA:31,1
DA:32,10
DA:34,1
DA:35,1
DA:38,1
DA:39,0
DA:43,1
DA:46,1
LF:22
LH:18
BRDA:6,0,0,0
BRDA:6,0,1,1
BRDA:12,1,0,0
BRDA:12,1,1,1
BRDA:22,2,0,0
BRDA:22,2,1,1
BRDA:25,3,0,0
BRDA:25,3,1,1
BRDA:35,4,0,1
BRDA:35,4,1,0
BRDA:38,5,0,0
BRDA:38,5,1,1
BRF:12
BRH:6
end_of_record
TN:
SF:listaOrdenada\ordenadorDeLista.js
FN:1,ordenadorDeLista
FN:3,(anonymous_1)
FN:5,(anonymous_2)
FNF:3
FNH:3
FNDA:2,ordenadorDeLista
FNDA:4,(anonymous_1)
FNDA:4,(anonymous_2)
DA:2,2
DA:3,4
DA:5,4
DA:8,1
LF:4
LH:4
BRDA:1,0,0,1
BRDA:2,1,0,1
BRDA:2,1,1,1
BRF:3
BRH:3
end_of_record
TN:
SF:primo\primoSimNao.js
FN:1,primoSimNao
FNF:1
FNH:1
FNDA:1,primoSimNao
DA:3,1
DA:4,0
DA:8,1
DA:9,2
DA:11,0
DA:16,1
DA:19,1
LF:7
LH:5
BRDA:3,0,0,0
BRDA:3,0,1,1
BRDA:9,1,0,0
BRDA:9,1,1,2
BRF:4
BRH:2
end_of_record
TN:
SF:temperatura\temperatura.js
FN:2,celsiusParaFahrenheit
FN:8,fahrenheitParaCelsius
FNF:2
FNH:2
FNDA:1,celsiusParaFahrenheit
FNDA:1,fahrenheitParaCelsius
DA:4,1
DA:10,1
DA:13,1
LF:3
LH:3
BRF:0
BRH:0
end_of_record
